2026-04-20 13:47:23,083 __init__.py[line:13](Pid:127488 Tname:MainThread) ERROR Uncaught exception:
Traceback (most recent call last):
  File "<frozen runpy>", line 198, in _run_module_as_main
  File "<frozen runpy>", line 88, in _run_code
  File "C:\Users\luooka\AppData\Local\Python\pythoncore-3.14-64\Lib\site-packages\biliup\__main__.py", line 42, in <module>
    arg_parser()
    ~~~~~~~~~~^^
  File "C:\Users\luooka\AppData\Local\Python\pythoncore-3.14-64\Lib\site-packages\biliup\__main__.py", line 21, in arg_parser
    asyncio.run(main())
    ~~~~~~~~~~~^^^^^^^^
  File "C:\Users\luooka\AppData\Local\Python\pythoncore-3.14-64\Lib\asyncio\runners.py", line 204, in run
    return runner.run(main)
           ~~~~~~~~~~^^^^^^
  File "C:\Users\luooka\AppData\Local\Python\pythoncore-3.14-64\Lib\asyncio\runners.py", line 127, in run
    return self._loop.run_until_complete(task)
           ~~~~~~~~~~~~~~~~~~~~~~~~~~~~~^^^^^^
  File "C:\Users\luooka\AppData\Local\Python\pythoncore-3.14-64\Lib\asyncio\base_events.py", line 719, in run_until_complete
    return future.result()
           ~~~~~~~~~~~~~^^
  File "C:\Users\luooka\AppData\Local\Python\pythoncore-3.14-64\Lib\site-packages\biliup\__main__.py", line 33, in main
    await loop.run_in_executor(None, stream_gears.main_loop)
  File "C:\Users\luooka\AppData\Local\Python\pythoncore-3.14-64\Lib\concurrent\futures\thread.py", line 86, in run
    result = ctx.run(self.task)
  File "C:\Users\luooka\AppData\Local\Python\pythoncore-3.14-64\Lib\concurrent\futures\thread.py", line 73, in run
    return fn(*args, **kwargs)
RuntimeError: [1mUnknown Error[22m
├╴at [3mD:\a\biliup\biliup\crates\biliup-cli\src\uploader.rs:87:10[23m
│
╰─▶ [1mIO error: not a terminal[22m
    ╰╴at [3mD:\a\biliup\biliup\crates\biliup-cli\src\uploader.rs:87:10[23m
